<?xml version="1.0" encoding="UTF-8"?>
<!--

    Copyright (C) 2009 Jasig, Inc.

    Licensed under the Apache License, Version 2.0 (the "License");
    you may not use this file except in compliance with the License.
    You may obtain a copy of the License at

            http://www.apache.org/licenses/LICENSE-2.0

    Unless required by applicable law or agreed to in writing, software
    distributed under the License is distributed on an "AS IS" BASIS,
    WITHOUT WARRANTIES OR CONDITIONS OF ANY KIND, either express or implied.
    See the License for the specific language governing permissions and
    limitations under the License.

-->
<beans xmlns="http://www.springframework.org/schema/beans"
       xmlns:xsi="http://www.w3.org/2001/XMLSchema-instance"
       xmlns:context="http://www.springframework.org/schema/context"
       xmlns:tx="http://www.springframework.org/schema/tx"
       xmlns:p="http://www.springframework.org/schema/p"
       xmlns:jee="http://www.springframework.org/schema/jee"
       xmlns:util="http://www.springframework.org/schema/util"
       xmlns:aop="http://www.springframework.org/schema/aop"
       xmlns:lang="http://www.springframework.org/schema/lang"
       xsi:schemaLocation="http://www.springframework.org/schema/beans
        http://www.springframework.org/schema/beans/spring-beans-2.5.xsd
        http://www.springframework.org/schema/context
        http://www.springframework.org/schema/context/spring-context-2.5.xsd
        http://www.springframework.org/schema/tx
        http://www.springframework.org/schema/tx/spring-tx-2.5.xsd
        http://www.springframework.org/schema/jee
        http://www.springframework.org/schema/jee/spring-jee.xsd
        http://www.springframework.org/schema/util
        http://www.springframework.org/schema/util/spring-util-2.5.xsd
        http://www.springframework.org/schema/lang
        http://www.springframework.org/schema/lang/spring-lang-2.5.xsd
        http://www.springframework.org/schema/aop
        http://www.springframework.org/schema/aop/spring-aop-2.5.xsd">

    <tx:annotation-driven transaction-manager="transactionManager"/>

    <bean id="entityManagerFactory" class="org.springframework.orm.jpa.LocalContainerEntityManagerFactoryBean"
          p:dataSource-ref="dataSource">
        <property name="jpaVendorAdapter">
            <bean class="org.springframework.orm.jpa.vendor.HibernateJpaVendorAdapter"
                  p:generateDdl="true"
                  p:showSql="true"/>
        </property>
        <property name="jpaPropertyMap">
            <map>
                <entry key="hibernate.dialect" value="org.hibernate.dialect.HSQLDialect"/>
                <entry key="hibernate.hbm2ddl.auto" value="update"/>
            </map>
        </property>
    </bean>

    <bean id="transactionManager" class="org.springframework.orm.jpa.JpaTransactionManager"
          p:entityManagerFactory-ref="entityManagerFactory"/>

    <bean id="dataSource" class="org.springframework.jdbc.datasource.SimpleDriverDataSource"
        p:password=""
        p:url="jdbc:hsqldb:mem:openregistry"
        p:username="sa"
        p:driverClass="org.hsqldb.jdbcDriver" />

    <bean id="activationService" class="org.openregistry.core.service.DefaultActivationService">
        <constructor-arg index="0" ref="personRepository" />
    </bean>

    <bean id="personRepository" class="org.openregistry.core.repository.jpa.JpaPersonRepository" />

    <bean id="referenceRepository" class="org.openregistry.core.repository.jpa.JpaReferenceRepository" />

</beans>